c:\users\gstep\source\git-repos\zombiu-mod-loader\templatemod\templatemod\release\mod.pch
c:\users\gstep\source\git-repos\zombiu-mod-loader\templatemod\templatemod\release\vc142.pdb
c:\users\gstep\source\git-repos\zombiu-mod-loader\templatemod\templatemod\release\pch.obj
c:\users\gstep\source\git-repos\zombiu-mod-loader\templatemod\templatemod\release\dllmain.obj
c:\users\gstep\source\git-repos\zombiu-mod-loader\templatemod\templatemod\release\zombistructs.obj
c:\users\gstep\source\git-repos\zombiu-mod-loader\zombiu-mod-loader\release\mod.dll
c:\users\gstep\source\git-repos\zombiu-mod-loader\zombiu-mod-loader\release\mod.pdb
c:\users\gstep\source\git-repos\zombiu-mod-loader\templatemod\release\mod.lib
c:\users\gstep\source\git-repos\zombiu-mod-loader\templatemod\release\mod.exp
c:\users\gstep\source\git-repos\zombiu-mod-loader\templatemod\release\mod.ipdb
c:\users\gstep\source\git-repos\zombiu-mod-loader\templatemod\release\mod.iobj
c:\users\gstep\source\git-repos\zombiu-mod-loader\zombiu-mod-loader\release\mod.lib
c:\users\gstep\source\git-repos\zombiu-mod-loader\zombiu-mod-loader\release\mod.exp
c:\users\gstep\source\git-repos\zombiu-mod-loader\zombiu-mod-loader\release\mod.ipdb
c:\users\gstep\source\git-repos\zombiu-mod-loader\zombiu-mod-loader\release\mod.iobj
c:\users\gstep\source\git-repos\zombiu-mod-loader\templatemod\templatemod\release\templatemod.tlog\cl.command.1.tlog
c:\users\gstep\source\git-repos\zombiu-mod-loader\templatemod\templatemod\release\templatemod.tlog\cl.read.1.tlog
c:\users\gstep\source\git-repos\zombiu-mod-loader\templatemod\templatemod\release\templatemod.tlog\cl.write.1.tlog
c:\users\gstep\source\git-repos\zombiu-mod-loader\templatemod\templatemod\release\templatemod.tlog\link.command.1.tlog
c:\users\gstep\source\git-repos\zombiu-mod-loader\templatemod\templatemod\release\templatemod.tlog\link.delete.1.tlog
c:\users\gstep\source\git-repos\zombiu-mod-loader\templatemod\templatemod\release\templatemod.tlog\link.read.1.tlog
c:\users\gstep\source\git-repos\zombiu-mod-loader\templatemod\templatemod\release\templatemod.tlog\link.write.1.tlog
c:\users\gstep\source\git-repos\zombiu-mod-loader\templatemod\templatemod\release\templatemod.tlog\templatemod.write.1u.tlog
