cl : command line warning D9025: overriding '/sdl' with '/GS-'
  Console.cpp
C:\Users\gstep\source\git-repos\ZombiU-Mod-Loader\ZLoader\Console.cpp(16,21): warning C4018: '<': signed/unsigned mismatch
  DrawText.cpp
C:\Users\gstep\source\git-repos\ZombiU-Mod-Loader\ZLoader\OnZombieDamage.h(26,1): warning C4102: 'endoffunction': unreferenced label
C:\Users\gstep\source\git-repos\ZombiU-Mod-Loader\ZLoader\DrawText.cpp(16): warning C4409: illegal instruction size
  InventoryFunctions.cpp
C:\Users\gstep\source\git-repos\ZombiU-Mod-Loader\ZLoader\OnZombieDamage.h(26,1): warning C4102: 'endoffunction': unreferenced label
  OnPlayerDamage.cpp
  OnWeaponFire.cpp
  dllmain.cpp
C:\Users\gstep\source\git-repos\ZombiU-Mod-Loader\ZLoader\OnZombieDamage.h(26,1): warning C4102: 'endoffunction': unreferenced label
  getGameVars.cpp
C:\Users\gstep\source\git-repos\ZombiU-Mod-Loader\ZLoader\OnZombieDamage.h(26,1): warning C4102: 'endoffunction': unreferenced label
LINK : warning C4727: PCH named c:\users\gstep\source\git-repos\zombiu-mod-loader\zloader\release\zloader.pch with same timestamp found in c:\users\gstep\source\git-repos\zombiu-mod-loader\zloader\release\canminimapmanualping.obj and c:\users\gstep\source\git-repos\zombiu-mod-loader\zloader\release\canminimapautoping.obj.  Using first PCH.
LINK : warning C4727: PCH named c:\users\gstep\source\git-repos\zombiu-mod-loader\zloader\release\zloader.pch with same timestamp found in c:\users\gstep\source\git-repos\zombiu-mod-loader\zloader\release\drawtext.obj and c:\users\gstep\source\git-repos\zombiu-mod-loader\zloader\release\console.obj.  Using first PCH.
LINK : warning C4727: PCH named c:\users\gstep\source\git-repos\zombiu-mod-loader\zloader\release\zloader.pch with same timestamp found in c:\users\gstep\source\git-repos\zombiu-mod-loader\zloader\release\getgamevars.obj and c:\users\gstep\source\git-repos\zombiu-mod-loader\zloader\release\dllmain.obj.  Using first PCH.
LINK : warning C4727: PCH named c:\users\gstep\source\git-repos\zombiu-mod-loader\zloader\release\zloader.pch with same timestamp found in c:\users\gstep\source\git-repos\zombiu-mod-loader\zloader\release\onplayerdamage.obj and c:\users\gstep\source\git-repos\zombiu-mod-loader\zloader\release\inventoryfunctions.obj.  Using first PCH.
LINK : warning C4727: PCH named c:\users\gstep\source\git-repos\zombiu-mod-loader\zloader\release\zloader.pch with same timestamp found in c:\users\gstep\source\git-repos\zombiu-mod-loader\zloader\release\onscoregiven.obj and c:\users\gstep\source\git-repos\zombiu-mod-loader\zloader\release\onplayertick.obj.  Using first PCH.
LINK : warning C4727: PCH named c:\users\gstep\source\git-repos\zombiu-mod-loader\zloader\release\zloader.pch with same timestamp found in c:\users\gstep\source\git-repos\zombiu-mod-loader\zloader\release\onweaponfire.obj and c:\users\gstep\source\git-repos\zombiu-mod-loader\zloader\release\inventoryfunctions.obj.  Using first PCH.
LINK : warning C4727: PCH named c:\users\gstep\source\git-repos\zombiu-mod-loader\zloader\release\zloader.pch with same timestamp found in c:\users\gstep\source\git-repos\zombiu-mod-loader\zloader\release\pch.obj and c:\users\gstep\source\git-repos\zombiu-mod-loader\zloader\release\onzombiedamage.obj.  Using first PCH.
LINK : warning C4727: PCH named c:\users\gstep\source\git-repos\zombiu-mod-loader\zloader\release\zloader.pch with same timestamp found in c:\users\gstep\source\git-repos\zombiu-mod-loader\zloader\release\hookparameter.obj and c:\users\gstep\source\git-repos\zombiu-mod-loader\zloader\release\modloader.obj.  Using first PCH.
     Creating library C:\Users\gstep\source\git-repos\ZombiU-Mod-Loader\Release\ZLoader.lib and object C:\Users\gstep\source\git-repos\ZombiU-Mod-Loader\Release\ZLoader.exp
LINK : warning LNK4098: defaultlib 'LIBCMT' conflicts with use of other libs; use /NODEFAULTLIB:library
  Generating code
  43 of 424 functions (10.1%) were compiled, the rest were copied from previous compilation.
    23 functions were new in current compilation
    32 functions had inline decision re-evaluated but remain unchanged
  Finished generating code
  ZLoader.vcxproj -> C:\Users\gstep\source\git-repos\ZombiU-Mod-Loader\Release\ZLoader.dll
