  dllmain.cpp
C:\Users\gstep\source\git-repos\ZombiU-Mod-Loader\ZLoader\ZLoader\OnPlayerDamage.h(7,19): error C2485: 'naked': unrecognized extended attribute
C:\Users\gstep\source\git-repos\ZombiU-Mod-Loader\ZLoader\ZLoader\OnPlayerDamage.h(9,2): error C4235: nonstandard extension used: '__asm' keyword not supported on this architecture
C:\Users\gstep\source\git-repos\ZombiU-Mod-Loader\ZLoader\ZLoader\OnPlayerDamage.h(12,3): error C2065: 'movss': undeclared identifier
C:\Users\gstep\source\git-repos\ZombiU-Mod-Loader\ZLoader\ZLoader\OnPlayerDamage.h(12,9): error C2065: 'esp': undeclared identifier
C:\Users\gstep\source\git-repos\ZombiU-Mod-Loader\ZLoader\ZLoader\OnPlayerDamage.h(12,15): error C2065: 'xmm0': undeclared identifier
C:\Users\gstep\source\git-repos\ZombiU-Mod-Loader\ZLoader\ZLoader\OnPlayerDamage.h(14,3): error C2146: syntax error: missing ';' before identifier 'mov'
C:\Users\gstep\source\git-repos\ZombiU-Mod-Loader\ZLoader\ZLoader\OnPlayerDamage.h(14,3): error C2065: 'mov': undeclared identifier
C:\Users\gstep\source\git-repos\ZombiU-Mod-Loader\ZLoader\ZLoader\OnPlayerDamage.h(14,7): error C2146: syntax error: missing ';' before identifier 'dword'
C:\Users\gstep\source\git-repos\ZombiU-Mod-Loader\ZLoader\ZLoader\OnPlayerDamage.h(14,7): error C2065: 'dword': undeclared identifier
C:\Users\gstep\source\git-repos\ZombiU-Mod-Loader\ZLoader\ZLoader\OnPlayerDamage.h(14,13): error C2146: syntax error: missing ';' before identifier 'ptr'
C:\Users\gstep\source\git-repos\ZombiU-Mod-Loader\ZLoader\ZLoader\OnPlayerDamage.h(14,13): error C2065: 'ptr': undeclared identifier
C:\Users\gstep\source\git-repos\ZombiU-Mod-Loader\ZLoader\ZLoader\OnPlayerDamage.h(14,17): error C2146: syntax error: missing ';' before identifier 'playerDamageCallbackPlayer'
C:\Users\gstep\source\git-repos\ZombiU-Mod-Loader\ZLoader\ZLoader\OnPlayerDamage.h(14,45): error C2065: 'ecx': undeclared identifier
C:\Users\gstep\source\git-repos\ZombiU-Mod-Loader\ZLoader\ZLoader\OnPlayerDamage.h(15,3): error C2146: syntax error: missing ';' before identifier 'mov'
C:\Users\gstep\source\git-repos\ZombiU-Mod-Loader\ZLoader\ZLoader\OnPlayerDamage.h(15,3): error C2065: 'mov': undeclared identifier
C:\Users\gstep\source\git-repos\ZombiU-Mod-Loader\ZLoader\ZLoader\OnPlayerDamage.h(15,7): error C2146: syntax error: missing ';' before identifier 'dword'
C:\Users\gstep\source\git-repos\ZombiU-Mod-Loader\ZLoader\ZLoader\OnPlayerDamage.h(15,7): error C2065: 'dword': undeclared identifier
C:\Users\gstep\source\git-repos\ZombiU-Mod-Loader\ZLoader\ZLoader\OnPlayerDamage.h(15,13): error C2146: syntax error: missing ';' before identifier 'ptr'
C:\Users\gstep\source\git-repos\ZombiU-Mod-Loader\ZLoader\ZLoader\OnPlayerDamage.h(15,13): error C2065: 'ptr': undeclared identifier
C:\Users\gstep\source\git-repos\ZombiU-Mod-Loader\ZLoader\ZLoader\OnPlayerDamage.h(15,17): error C2146: syntax error: missing ';' before identifier 'playerDamageCallbackDamage'
C:\Users\gstep\source\git-repos\ZombiU-Mod-Loader\ZLoader\ZLoader\OnPlayerDamage.h(15,45): error C2065: 'esp': undeclared identifier
C:\Users\gstep\source\git-repos\ZombiU-Mod-Loader\ZLoader\ZLoader\OnPlayerDamage.h(16,3): error C2146: syntax error: missing ';' before identifier 'mov'
C:\Users\gstep\source\git-repos\ZombiU-Mod-Loader\ZLoader\ZLoader\OnPlayerDamage.h(16,3): error C2065: 'mov': undeclared identifier
C:\Users\gstep\source\git-repos\ZombiU-Mod-Loader\ZLoader\ZLoader\OnPlayerDamage.h(16,7): error C2146: syntax error: missing ';' before identifier 'dword'
C:\Users\gstep\source\git-repos\ZombiU-Mod-Loader\ZLoader\ZLoader\OnPlayerDamage.h(16,7): error C2065: 'dword': undeclared identifier
C:\Users\gstep\source\git-repos\ZombiU-Mod-Loader\ZLoader\ZLoader\OnPlayerDamage.h(16,13): error C2146: syntax error: missing ';' before identifier 'ptr'
C:\Users\gstep\source\git-repos\ZombiU-Mod-Loader\ZLoader\ZLoader\OnPlayerDamage.h(16,13): error C2065: 'ptr': undeclared identifier
C:\Users\gstep\source\git-repos\ZombiU-Mod-Loader\ZLoader\ZLoader\OnPlayerDamage.h(16,17): error C2146: syntax error: missing ';' before identifier 'playerDamageCallbackEBP'
C:\Users\gstep\source\git-repos\ZombiU-Mod-Loader\ZLoader\ZLoader\OnPlayerDamage.h(16,42): error C2065: 'ebp': undeclared identifier
C:\Users\gstep\source\git-repos\ZombiU-Mod-Loader\ZLoader\ZLoader\OnPlayerDamage.h(17,3): error C2146: syntax error: missing ';' before identifier 'mov'
C:\Users\gstep\source\git-repos\ZombiU-Mod-Loader\ZLoader\ZLoader\OnPlayerDamage.h(17,3): error C2065: 'mov': undeclared identifier
C:\Users\gstep\source\git-repos\ZombiU-Mod-Loader\ZLoader\ZLoader\OnPlayerDamage.h(17,7): error C2146: syntax error: missing ';' before identifier 'dword'
C:\Users\gstep\source\git-repos\ZombiU-Mod-Loader\ZLoader\ZLoader\OnPlayerDamage.h(17,7): error C2065: 'dword': undeclared identifier
C:\Users\gstep\source\git-repos\ZombiU-Mod-Loader\ZLoader\ZLoader\OnPlayerDamage.h(17,13): error C2146: syntax error: missing ';' before identifier 'ptr'
C:\Users\gstep\source\git-repos\ZombiU-Mod-Loader\ZLoader\ZLoader\OnPlayerDamage.h(17,13): error C2065: 'ptr': undeclared identifier
C:\Users\gstep\source\git-repos\ZombiU-Mod-Loader\ZLoader\ZLoader\OnPlayerDamage.h(17,17): error C2146: syntax error: missing ';' before identifier 'playerDamageCallbackECX'
C:\Users\gstep\source\git-repos\ZombiU-Mod-Loader\ZLoader\ZLoader\OnPlayerDamage.h(17,42): error C2065: 'ecx': undeclared identifier
C:\Users\gstep\source\git-repos\ZombiU-Mod-Loader\ZLoader\ZLoader\OnPlayerDamage.h(18,3): error C2146: syntax error: missing ';' before identifier 'call'
C:\Users\gstep\source\git-repos\ZombiU-Mod-Loader\ZLoader\ZLoader\OnPlayerDamage.h(18,3): error C2065: 'call': undeclared identifier
C:\Users\gstep\source\git-repos\ZombiU-Mod-Loader\ZLoader\ZLoader\OnPlayerDamage.h(18,8): error C2146: syntax error: missing ';' before identifier 'playerDamageCallbackAddress'
C:\Users\gstep\source\git-repos\ZombiU-Mod-Loader\ZLoader\ZLoader\OnPlayerDamage.h(19,3): error C2146: syntax error: missing ';' before identifier 'mov'
C:\Users\gstep\source\git-repos\ZombiU-Mod-Loader\ZLoader\ZLoader\OnPlayerDamage.h(19,3): error C2065: 'mov': undeclared identifier
C:\Users\gstep\source\git-repos\ZombiU-Mod-Loader\ZLoader\ZLoader\OnPlayerDamage.h(19,7): error C2146: syntax error: missing ';' before identifier 'ecx'
C:\Users\gstep\source\git-repos\ZombiU-Mod-Loader\ZLoader\ZLoader\OnPlayerDamage.h(19,7): error C2065: 'ecx': undeclared identifier
C:\Users\gstep\source\git-repos\ZombiU-Mod-Loader\ZLoader\ZLoader\OnPlayerDamage.h(21,3): error C2146: syntax error: missing ';' before identifier 'jmp'
C:\Users\gstep\source\git-repos\ZombiU-Mod-Loader\ZLoader\ZLoader\OnPlayerDamage.h(21,3): error C2065: 'jmp': undeclared identifier
C:\Users\gstep\source\git-repos\ZombiU-Mod-Loader\ZLoader\ZLoader\OnPlayerDamage.h(22,2): error C2143: syntax error: missing ';' before '}'
C:\Users\gstep\source\git-repos\ZombiU-Mod-Loader\ZLoader\ZLoader\OnZombieDamage.h(8,19): error C2485: 'naked': unrecognized extended attribute
C:\Users\gstep\source\git-repos\ZombiU-Mod-Loader\ZLoader\ZLoader\OnZombieDamage.h(11,2): error C4235: nonstandard extension used: '__asm' keyword not supported on this architecture
C:\Users\gstep\source\git-repos\ZombiU-Mod-Loader\ZLoader\ZLoader\OnZombieDamage.h(13,3): error C2065: 'cmp': undeclared identifier
C:\Users\gstep\source\git-repos\ZombiU-Mod-Loader\ZLoader\ZLoader\OnZombieDamage.h(13,7): error C2065: 'edi': undeclared identifier
C:\Users\gstep\source\git-repos\ZombiU-Mod-Loader\ZLoader\ZLoader\OnZombieDamage.h(14,3): error C2146: syntax error: missing ';' before identifier 'je'
C:\Users\gstep\source\git-repos\ZombiU-Mod-Loader\ZLoader\ZLoader\OnZombieDamage.h(14,3): error C2065: 'je': undeclared identifier
C:\Users\gstep\source\git-repos\ZombiU-Mod-Loader\ZLoader\ZLoader\OnZombieDamage.h(14,6): error C2146: syntax error: missing ';' before identifier 'endoffunction'
C:\Users\gstep\source\git-repos\ZombiU-Mod-Loader\ZLoader\ZLoader\OnZombieDamage.h(14,6): error C2065: 'endoffunction': undeclared identifier
C:\Users\gstep\source\git-repos\ZombiU-Mod-Loader\ZLoader\ZLoader\OnZombieDamage.h(15,3): error C2146: syntax error: missing ';' before identifier 'mov'
C:\Users\gstep\source\git-repos\ZombiU-Mod-Loader\ZLoader\ZLoader\OnZombieDamage.h(15,3): error C2065: 'mov': undeclared identifier
C:\Users\gstep\source\git-repos\ZombiU-Mod-Loader\ZLoader\ZLoader\OnZombieDamage.h(15,7): error C2146: syntax error: missing ';' before identifier 'dword'
C:\Users\gstep\source\git-repos\ZombiU-Mod-Loader\ZLoader\ZLoader\OnZombieDamage.h(15,7): error C2065: 'dword': undeclared identifier
C:\Users\gstep\source\git-repos\ZombiU-Mod-Loader\ZLoader\ZLoader\OnZombieDamage.h(15,13): error C2146: syntax error: missing ';' before identifier 'ptr'
C:\Users\gstep\source\git-repos\ZombiU-Mod-Loader\ZLoader\ZLoader\OnZombieDamage.h(15,13): error C2065: 'ptr': undeclared identifier
C:\Users\gstep\source\git-repos\ZombiU-Mod-Loader\ZLoader\ZLoader\OnZombieDamage.h(15,17): error C2146: syntax error: missing ';' before identifier 'zombieDamageCallbackZombie'
C:\Users\gstep\source\git-repos\ZombiU-Mod-Loader\ZLoader\ZLoader\OnZombieDamage.h(15,45): error C2065: 'edi': undeclared identifier
C:\Users\gstep\source\git-repos\ZombiU-Mod-Loader\ZLoader\ZLoader\OnZombieDamage.h(16,3): error C2146: syntax error: missing ';' before identifier 'mov'
C:\Users\gstep\source\git-repos\ZombiU-Mod-Loader\ZLoader\ZLoader\OnZombieDamage.h(16,3): error C2065: 'mov': undeclared identifier
C:\Users\gstep\source\git-repos\ZombiU-Mod-Loader\ZLoader\ZLoader\OnZombieDamage.h(16,7): error C2146: syntax error: missing ';' before identifier 'dword'
C:\Users\gstep\source\git-repos\ZombiU-Mod-Loader\ZLoader\ZLoader\OnZombieDamage.h(16,7): error C2065: 'dword': undeclared identifier
C:\Users\gstep\source\git-repos\ZombiU-Mod-Loader\ZLoader\ZLoader\OnZombieDamage.h(16,13): error C2146: syntax error: missing ';' before identifier 'ptr'
C:\Users\gstep\source\git-repos\ZombiU-Mod-Loader\ZLoader\ZLoader\OnZombieDamage.h(16,13): error C2065: 'ptr': undeclared identifier
C:\Users\gstep\source\git-repos\ZombiU-Mod-Loader\ZLoader\ZLoader\OnZombieDamage.h(16,17): error C2146: syntax error: missing ';' before identifier 'zombieDamageCallbackECX'
C:\Users\gstep\source\git-repos\ZombiU-Mod-Loader\ZLoader\ZLoader\OnZombieDamage.h(16,42): error C2065: 'ecx': undeclared identifier
C:\Users\gstep\source\git-repos\ZombiU-Mod-Loader\ZLoader\ZLoader\OnZombieDamage.h(17,3): error C2146: syntax error: missing ';' before identifier 'mov'
C:\Users\gstep\source\git-repos\ZombiU-Mod-Loader\ZLoader\ZLoader\OnZombieDamage.h(17,3): error C2065: 'mov': undeclared identifier
C:\Users\gstep\source\git-repos\ZombiU-Mod-Loader\ZLoader\ZLoader\OnZombieDamage.h(17,7): error C2146: syntax error: missing ';' before identifier 'dword'
C:\Users\gstep\source\git-repos\ZombiU-Mod-Loader\ZLoader\ZLoader\OnZombieDamage.h(17,7): error C2065: 'dword': undeclared identifier
C:\Users\gstep\source\git-repos\ZombiU-Mod-Loader\ZLoader\ZLoader\OnZombieDamage.h(17,13): error C2146: syntax error: missing ';' before identifier 'ptr'
C:\Users\gstep\source\git-repos\ZombiU-Mod-Loader\ZLoader\ZLoader\OnZombieDamage.h(17,13): error C2065: 'ptr': undeclared identifier
C:\Users\gstep\source\git-repos\ZombiU-Mod-Loader\ZLoader\ZLoader\OnZombieDamage.h(17,17): error C2146: syntax error: missing ';' before identifier 'zombieDamageCallbackEBP'
C:\Users\gstep\source\git-repos\ZombiU-Mod-Loader\ZLoader\ZLoader\OnZombieDamage.h(17,42): error C2065: 'ebp': undeclared identifier
C:\Users\gstep\source\git-repos\ZombiU-Mod-Loader\ZLoader\ZLoader\OnZombieDamage.h(18,3): error C2146: syntax error: missing ';' before identifier 'call'
C:\Users\gstep\source\git-repos\ZombiU-Mod-Loader\ZLoader\ZLoader\OnZombieDamage.h(18,3): error C2065: 'call': undeclared identifier
C:\Users\gstep\source\git-repos\ZombiU-Mod-Loader\ZLoader\ZLoader\OnZombieDamage.h(18,8): error C2146: syntax error: missing ';' before identifier 'zombieDamageCallbackAddress'
C:\Users\gstep\source\git-repos\ZombiU-Mod-Loader\ZLoader\ZLoader\OnZombieDamage.h(19,3): error C2146: syntax error: missing ';' before identifier 'endoffunction'
C:\Users\gstep\source\git-repos\ZombiU-Mod-Loader\ZLoader\ZLoader\OnZombieDamage.h(20,3): error C2065: 'movss': undeclared identifier
C:\Users\gstep\source\git-repos\ZombiU-Mod-Loader\ZLoader\ZLoader\OnZombieDamage.h(20,9): error C2146: syntax error: missing ';' before identifier 'xmm2'
C:\Users\gstep\source\git-repos\ZombiU-Mod-Loader\ZLoader\ZLoader\OnZombieDamage.h(20,9): error C2065: 'xmm2': undeclared identifier
C:\Users\gstep\source\git-repos\ZombiU-Mod-Loader\ZLoader\ZLoader\OnZombieDamage.h(20,20): error C2143: syntax error: missing ']' before '+'
C:\Users\gstep\source\git-repos\ZombiU-Mod-Loader\ZLoader\ZLoader\OnZombieDamage.h(20,20): error C3481: 'ecx': lambda capture variable not found
C:\Users\gstep\source\git-repos\ZombiU-Mod-Loader\ZLoader\ZLoader\OnZombieDamage.h(20,20): error C3260: '+': skipping unexpected token(s) before lambda body
C:\Users\gstep\source\git-repos\ZombiU-Mod-Loader\ZLoader\ZLoader\OnPlayerTick.h(10,2): error C4235: nonstandard extension used: '__asm' keyword not supported on this architecture
C:\Users\gstep\source\git-repos\ZombiU-Mod-Loader\ZLoader\ZLoader\OnPlayerTick.h(12,1): error C3481: 'esi': lambda capture variable not found
C:\Users\gstep\source\git-repos\ZombiU-Mod-Loader\ZLoader\ZLoader\OnPlayerTick.h(12,1): error C3493: 'esi' cannot be implicitly captured because no default capture mode has been specified
C:\Users\gstep\source\git-repos\ZombiU-Mod-Loader\ZLoader\ZLoader\dllmain.cpp(51,1): fatal error C1004: unexpected end-of-file found
  OnFlashLightDrain.cpp
C:\Users\gstep\source\git-repos\ZombiU-Mod-Loader\ZLoader\ZLoader\OnFlashLightDrain.h(10,19): error C2485: 'naked': unrecognized extended attribute
C:\Users\gstep\source\git-repos\ZombiU-Mod-Loader\ZLoader\ZLoader\OnFlashLightDrain.h(13,2): error C4235: nonstandard extension used: '__asm' keyword not supported on this architecture
C:\Users\gstep\source\git-repos\ZombiU-Mod-Loader\ZLoader\ZLoader\OnFlashLightDrain.h(15,3): error C2065: 'mov': undeclared identifier
C:\Users\gstep\source\git-repos\ZombiU-Mod-Loader\ZLoader\ZLoader\OnFlashLightDrain.h(15,7): error C2146: syntax error: missing ';' before identifier 'FlashLightDrainPlayer'
C:\Users\gstep\source\git-repos\ZombiU-Mod-Loader\ZLoader\ZLoader\OnFlashLightDrain.h(15,30): error C2065: 'esi': undeclared identifier
C:\Users\gstep\source\git-repos\ZombiU-Mod-Loader\ZLoader\ZLoader\OnFlashLightDrain.h(16,3): error C2146: syntax error: missing ';' before identifier 'call'
C:\Users\gstep\source\git-repos\ZombiU-Mod-Loader\ZLoader\ZLoader\OnFlashLightDrain.h(16,3): error C2065: 'call': undeclared identifier
C:\Users\gstep\source\git-repos\ZombiU-Mod-Loader\ZLoader\ZLoader\OnFlashLightDrain.h(16,8): error C2146: syntax error: missing ';' before identifier 'FlashLightDrainCallbackAddress'
C:\Users\gstep\source\git-repos\ZombiU-Mod-Loader\ZLoader\ZLoader\OnFlashLightDrain.h(17,3): error C2146: syntax error: missing ';' before identifier 'cmp'
C:\Users\gstep\source\git-repos\ZombiU-Mod-Loader\ZLoader\ZLoader\OnFlashLightDrain.h(17,3): error C2065: 'cmp': undeclared identifier
C:\Users\gstep\source\git-repos\ZombiU-Mod-Loader\ZLoader\ZLoader\OnFlashLightDrain.h(17,7): error C2146: syntax error: missing ';' before identifier 'byte'
C:\Users\gstep\source\git-repos\ZombiU-Mod-Loader\ZLoader\ZLoader\OnFlashLightDrain.h(17,7): error C2065: 'byte': undeclared identifier
C:\Users\gstep\source\git-repos\ZombiU-Mod-Loader\ZLoader\ZLoader\OnFlashLightDrain.h(17,12): error C2146: syntax error: missing ';' before identifier 'ptr'
C:\Users\gstep\source\git-repos\ZombiU-Mod-Loader\ZLoader\ZLoader\OnFlashLightDrain.h(17,12): error C2065: 'ptr': undeclared identifier
C:\Users\gstep\source\git-repos\ZombiU-Mod-Loader\ZLoader\ZLoader\OnFlashLightDrain.h(17,16): error C2065: 'esi': undeclared identifier
C:\Users\gstep\source\git-repos\ZombiU-Mod-Loader\ZLoader\ZLoader\OnFlashLightDrain.h(18,3): error C2146: syntax error: missing ';' before identifier 'jmp'
C:\Users\gstep\source\git-repos\ZombiU-Mod-Loader\ZLoader\ZLoader\OnFlashLightDrain.h(18,3): error C2065: 'jmp': undeclared identifier
C:\Users\gstep\source\git-repos\ZombiU-Mod-Loader\ZLoader\ZLoader\OnFlashLightDrain.h(18,7): error C2146: syntax error: missing ';' before identifier 'FlashLightDrainJMPBack'
C:\Users\gstep\source\git-repos\ZombiU-Mod-Loader\ZLoader\ZLoader\OnFlashLightDrain.h(19,2): error C2143: syntax error: missing ';' before '}'
C:\Users\gstep\source\git-repos\ZombiU-Mod-Loader\ZLoader\ZLoader\OnFlashLightDrain.cpp(17,61): warning C4312: 'type cast': conversion from 'DWORD' to 'char *' of greater size
C:\Users\gstep\source\git-repos\ZombiU-Mod-Loader\ZLoader\ZLoader\OnFlashLightDrain.cpp(18,61): warning C4312: 'type cast': conversion from 'DWORD' to 'char *' of greater size
C:\Users\gstep\source\git-repos\ZombiU-Mod-Loader\ZLoader\ZLoader\OnFlashLightDrain.cpp(26,37): warning C4312: 'type cast': conversion from 'DWORD' to 'BYTE *' of greater size
C:\Users\gstep\source\git-repos\ZombiU-Mod-Loader\ZLoader\ZLoader\OnFlashLightDrain.cpp(26,78): warning C4311: 'type cast': pointer truncation from 'void (__cdecl *)(void)' to 'DWORD'
C:\Users\gstep\source\git-repos\ZombiU-Mod-Loader\ZLoader\ZLoader\OnFlashLightDrain.cpp(26,78): warning C4302: 'type cast': truncation from 'void (__cdecl *)(void)' to 'DWORD'
C:\Users\gstep\source\git-repos\ZombiU-Mod-Loader\ZLoader\ZLoader\OnFlashLightDrain.cpp(28,66): warning C4311: 'type cast': pointer truncation from 'void (__cdecl *)(void)' to 'DWORD'
C:\Users\gstep\source\git-repos\ZombiU-Mod-Loader\ZLoader\ZLoader\OnFlashLightDrain.cpp(28,66): warning C4302: 'type cast': truncation from 'void (__cdecl *)(void)' to 'DWORD'
  OnFlashLightGain.cpp
C:\Users\gstep\source\git-repos\ZombiU-Mod-Loader\ZLoader\ZLoader\OnFlashLightGain.h(10,19): error C2485: 'naked': unrecognized extended attribute
C:\Users\gstep\source\git-repos\ZombiU-Mod-Loader\ZLoader\ZLoader\OnFlashLightGain.h(13,2): error C4235: nonstandard extension used: '__asm' keyword not supported on this architecture
C:\Users\gstep\source\git-repos\ZombiU-Mod-Loader\ZLoader\ZLoader\OnFlashLightGain.h(15,3): error C2065: 'mov': undeclared identifier
C:\Users\gstep\source\git-repos\ZombiU-Mod-Loader\ZLoader\ZLoader\OnFlashLightGain.h(15,7): error C2146: syntax error: missing ';' before identifier 'FlashLightGainPlayer'
C:\Users\gstep\source\git-repos\ZombiU-Mod-Loader\ZLoader\ZLoader\OnFlashLightGain.h(15,29): error C2065: 'esi': undeclared identifier
C:\Users\gstep\source\git-repos\ZombiU-Mod-Loader\ZLoader\ZLoader\OnFlashLightGain.h(16,3): error C2146: syntax error: missing ';' before identifier 'call'
C:\Users\gstep\source\git-repos\ZombiU-Mod-Loader\ZLoader\ZLoader\OnFlashLightGain.h(16,3): error C2065: 'call': undeclared identifier
C:\Users\gstep\source\git-repos\ZombiU-Mod-Loader\ZLoader\ZLoader\OnFlashLightGain.h(16,8): error C2146: syntax error: missing ';' before identifier 'FlashLightGainCallbackAddress'
C:\Users\gstep\source\git-repos\ZombiU-Mod-Loader\ZLoader\ZLoader\OnFlashLightGain.h(17,3): error C2146: syntax error: missing ';' before identifier 'movss'
C:\Users\gstep\source\git-repos\ZombiU-Mod-Loader\ZLoader\ZLoader\OnFlashLightGain.h(17,3): error C2065: 'movss': undeclared identifier
C:\Users\gstep\source\git-repos\ZombiU-Mod-Loader\ZLoader\ZLoader\OnFlashLightGain.h(17,9): error C2146: syntax error: missing ';' before identifier 'xmm3'
C:\Users\gstep\source\git-repos\ZombiU-Mod-Loader\ZLoader\ZLoader\OnFlashLightGain.h(17,9): error C2065: 'xmm3': undeclared identifier
C:\Users\gstep\source\git-repos\ZombiU-Mod-Loader\ZLoader\ZLoader\OnFlashLightGain.h(17,20): error C2143: syntax error: missing ']' before '+'
C:\Users\gstep\source\git-repos\ZombiU-Mod-Loader\ZLoader\ZLoader\OnFlashLightGain.h(17,20): error C3481: 'esi': lambda capture variable not found
C:\Users\gstep\source\git-repos\ZombiU-Mod-Loader\ZLoader\ZLoader\OnFlashLightGain.h(17,20): error C3260: '+': skipping unexpected token(s) before lambda body
C:\Users\gstep\source\git-repos\ZombiU-Mod-Loader\ZLoader\ZLoader\OnFlashLightGain.cpp(14,6): error C2065: 'onFlashLightGainFunc': undeclared identifier
C:\Users\gstep\source\git-repos\ZombiU-Mod-Loader\ZLoader\ZLoader\OnFlashLightGain.cpp(16,1): warning C4312: 'type cast': conversion from 'DWORD' to 'char *' of greater size
C:\Users\gstep\source\git-repos\ZombiU-Mod-Loader\ZLoader\ZLoader\OnFlashLightGain.cpp(17,3): error C3861: 'onFlashLightGainFunc': identifier not found
C:\Users\gstep\source\git-repos\ZombiU-Mod-Loader\ZLoader\ZLoader\OnFlashLightGain.cpp(22,1): error C2144: syntax error: 'bool' should be preceded by ';'
C:\Users\gstep\source\git-repos\ZombiU-Mod-Loader\ZLoader\ZLoader\OnFlashLightGain.cpp(23,1): error C2601: 'createFlashLightGainHook': local function definitions are illegal
C:\Users\gstep\source\git-repos\ZombiU-Mod-Loader\ZLoader\ZLoader\OnFlashLightGain.cpp(31,1): fatal error C1004: unexpected end-of-file found
  OnPlayerDamage.cpp
C:\Users\gstep\source\git-repos\ZombiU-Mod-Loader\ZLoader\ZLoader\OnPlayerDamage.h(7,19): error C2485: 'naked': unrecognized extended attribute
C:\Users\gstep\source\git-repos\ZombiU-Mod-Loader\ZLoader\ZLoader\OnPlayerDamage.h(9,2): error C4235: nonstandard extension used: '__asm' keyword not supported on this architecture
C:\Users\gstep\source\git-repos\ZombiU-Mod-Loader\ZLoader\ZLoader\OnPlayerDamage.h(12,3): error C2065: 'movss': undeclared identifier
C:\Users\gstep\source\git-repos\ZombiU-Mod-Loader\ZLoader\ZLoader\OnPlayerDamage.h(12,9): error C2065: 'esp': undeclared identifier
C:\Users\gstep\source\git-repos\ZombiU-Mod-Loader\ZLoader\ZLoader\OnPlayerDamage.h(12,15): error C2065: 'xmm0': undeclared identifier
C:\Users\gstep\source\git-repos\ZombiU-Mod-Loader\ZLoader\ZLoader\OnPlayerDamage.h(14,3): error C2146: syntax error: missing ';' before identifier 'mov'
C:\Users\gstep\source\git-repos\ZombiU-Mod-Loader\ZLoader\ZLoader\OnPlayerDamage.h(14,3): error C2065: 'mov': undeclared identifier
C:\Users\gstep\source\git-repos\ZombiU-Mod-Loader\ZLoader\ZLoader\OnPlayerDamage.h(14,7): error C2146: syntax error: missing ';' before identifier 'dword'
C:\Users\gstep\source\git-repos\ZombiU-Mod-Loader\ZLoader\ZLoader\OnPlayerDamage.h(14,7): error C2065: 'dword': undeclared identifier
C:\Users\gstep\source\git-repos\ZombiU-Mod-Loader\ZLoader\ZLoader\OnPlayerDamage.h(14,13): error C2146: syntax error: missing ';' before identifier 'ptr'
C:\Users\gstep\source\git-repos\ZombiU-Mod-Loader\ZLoader\ZLoader\OnPlayerDamage.h(14,13): error C2065: 'ptr': undeclared identifier
C:\Users\gstep\source\git-repos\ZombiU-Mod-Loader\ZLoader\ZLoader\OnPlayerDamage.h(14,17): error C2146: syntax error: missing ';' before identifier 'playerDamageCallbackPlayer'
C:\Users\gstep\source\git-repos\ZombiU-Mod-Loader\ZLoader\ZLoader\OnPlayerDamage.h(14,45): error C2065: 'ecx': undeclared identifier
C:\Users\gstep\source\git-repos\ZombiU-Mod-Loader\ZLoader\ZLoader\OnPlayerDamage.h(15,3): error C2146: syntax error: missing ';' before identifier 'mov'
C:\Users\gstep\source\git-repos\ZombiU-Mod-Loader\ZLoader\ZLoader\OnPlayerDamage.h(15,3): error C2065: 'mov': undeclared identifier
C:\Users\gstep\source\git-repos\ZombiU-Mod-Loader\ZLoader\ZLoader\OnPlayerDamage.h(15,7): error C2146: syntax error: missing ';' before identifier 'dword'
C:\Users\gstep\source\git-repos\ZombiU-Mod-Loader\ZLoader\ZLoader\OnPlayerDamage.h(15,7): error C2065: 'dword': undeclared identifier
C:\Users\gstep\source\git-repos\ZombiU-Mod-Loader\ZLoader\ZLoader\OnPlayerDamage.h(15,13): error C2146: syntax error: missing ';' before identifier 'ptr'
C:\Users\gstep\source\git-repos\ZombiU-Mod-Loader\ZLoader\ZLoader\OnPlayerDamage.h(15,13): error C2065: 'ptr': undeclared identifier
C:\Users\gstep\source\git-repos\ZombiU-Mod-Loader\ZLoader\ZLoader\OnPlayerDamage.h(15,17): error C2146: syntax error: missing ';' before identifier 'playerDamageCallbackDamage'
C:\Users\gstep\source\git-repos\ZombiU-Mod-Loader\ZLoader\ZLoader\OnPlayerDamage.h(15,45): error C2065: 'esp': undeclared identifier
C:\Users\gstep\source\git-repos\ZombiU-Mod-Loader\ZLoader\ZLoader\OnPlayerDamage.h(16,3): error C2146: syntax error: missing ';' before identifier 'mov'
C:\Users\gstep\source\git-repos\ZombiU-Mod-Loader\ZLoader\ZLoader\OnPlayerDamage.h(16,3): error C2065: 'mov': undeclared identifier
C:\Users\gstep\source\git-repos\ZombiU-Mod-Loader\ZLoader\ZLoader\OnPlayerDamage.h(16,7): error C2146: syntax error: missing ';' before identifier 'dword'
C:\Users\gstep\source\git-repos\ZombiU-Mod-Loader\ZLoader\ZLoader\OnPlayerDamage.h(16,7): error C2065: 'dword': undeclared identifier
C:\Users\gstep\source\git-repos\ZombiU-Mod-Loader\ZLoader\ZLoader\OnPlayerDamage.h(16,13): error C2146: syntax error: missing ';' before identifier 'ptr'
C:\Users\gstep\source\git-repos\ZombiU-Mod-Loader\ZLoader\ZLoader\OnPlayerDamage.h(16,13): error C2065: 'ptr': undeclared identifier
C:\Users\gstep\source\git-repos\ZombiU-Mod-Loader\ZLoader\ZLoader\OnPlayerDamage.h(16,17): error C2146: syntax error: missing ';' before identifier 'playerDamageCallbackEBP'
C:\Users\gstep\source\git-repos\ZombiU-Mod-Loader\ZLoader\ZLoader\OnPlayerDamage.h(16,42): error C2065: 'ebp': undeclared identifier
C:\Users\gstep\source\git-repos\ZombiU-Mod-Loader\ZLoader\ZLoader\OnPlayerDamage.h(17,3): error C2146: syntax error: missing ';' before identifier 'mov'
C:\Users\gstep\source\git-repos\ZombiU-Mod-Loader\ZLoader\ZLoader\OnPlayerDamage.h(17,3): error C2065: 'mov': undeclared identifier
C:\Users\gstep\source\git-repos\ZombiU-Mod-Loader\ZLoader\ZLoader\OnPlayerDamage.h(17,7): error C2146: syntax error: missing ';' before identifier 'dword'
C:\Users\gstep\source\git-repos\ZombiU-Mod-Loader\ZLoader\ZLoader\OnPlayerDamage.h(17,7): error C2065: 'dword': undeclared identifier
C:\Users\gstep\source\git-repos\ZombiU-Mod-Loader\ZLoader\ZLoader\OnPlayerDamage.h(17,13): error C2146: syntax error: missing ';' before identifier 'ptr'
C:\Users\gstep\source\git-repos\ZombiU-Mod-Loader\ZLoader\ZLoader\OnPlayerDamage.h(17,13): error C2065: 'ptr': undeclared identifier
C:\Users\gstep\source\git-repos\ZombiU-Mod-Loader\ZLoader\ZLoader\OnPlayerDamage.h(17,17): error C2146: syntax error: missing ';' before identifier 'playerDamageCallbackECX'
C:\Users\gstep\source\git-repos\ZombiU-Mod-Loader\ZLoader\ZLoader\OnPlayerDamage.h(17,42): error C2065: 'ecx': undeclared identifier
C:\Users\gstep\source\git-repos\ZombiU-Mod-Loader\ZLoader\ZLoader\OnPlayerDamage.h(18,3): error C2146: syntax error: missing ';' before identifier 'call'
C:\Users\gstep\source\git-repos\ZombiU-Mod-Loader\ZLoader\ZLoader\OnPlayerDamage.h(18,3): error C2065: 'call': undeclared identifier
C:\Users\gstep\source\git-repos\ZombiU-Mod-Loader\ZLoader\ZLoader\OnPlayerDamage.h(18,8): error C2146: syntax error: missing ';' before identifier 'playerDamageCallbackAddress'
C:\Users\gstep\source\git-repos\ZombiU-Mod-Loader\ZLoader\ZLoader\OnPlayerDamage.h(19,3): error C2146: syntax error: missing ';' before identifier 'mov'
C:\Users\gstep\source\git-repos\ZombiU-Mod-Loader\ZLoader\ZLoader\OnPlayerDamage.h(19,3): error C2065: 'mov': undeclared identifier
C:\Users\gstep\source\git-repos\ZombiU-Mod-Loader\ZLoader\ZLoader\OnPlayerDamage.h(19,7): error C2146: syntax error: missing ';' before identifier 'ecx'
C:\Users\gstep\source\git-repos\ZombiU-Mod-Loader\ZLoader\ZLoader\OnPlayerDamage.h(19,7): error C2065: 'ecx': undeclared identifier
C:\Users\gstep\source\git-repos\ZombiU-Mod-Loader\ZLoader\ZLoader\OnPlayerDamage.h(21,3): error C2146: syntax error: missing ';' before identifier 'jmp'
C:\Users\gstep\source\git-repos\ZombiU-Mod-Loader\ZLoader\ZLoader\OnPlayerDamage.h(21,3): error C2065: 'jmp': undeclared identifier
C:\Users\gstep\source\git-repos\ZombiU-Mod-Loader\ZLoader\ZLoader\OnPlayerDamage.h(22,2): error C2143: syntax error: missing ';' before '}'
C:\Users\gstep\source\git-repos\ZombiU-Mod-Loader\ZLoader\ZLoader\OnPlayerDamage.cpp(23,55): warning C4312: 'type cast': conversion from 'DWORD' to 'float *' of greater size
C:\Users\gstep\source\git-repos\ZombiU-Mod-Loader\ZLoader\ZLoader\OnPlayerDamage.cpp(36,40): warning C4312: 'type cast': conversion from 'DWORD' to 'BYTE *' of greater size
C:\Users\gstep\source\git-repos\ZombiU-Mod-Loader\ZLoader\ZLoader\OnPlayerDamage.cpp(36,80): warning C4311: 'type cast': pointer truncation from 'void (__cdecl *)(void)' to 'DWORD'
C:\Users\gstep\source\git-repos\ZombiU-Mod-Loader\ZLoader\ZLoader\OnPlayerDamage.cpp(36,80): warning C4302: 'type cast': truncation from 'void (__cdecl *)(void)' to 'DWORD'
C:\Users\gstep\source\git-repos\ZombiU-Mod-Loader\ZLoader\ZLoader\OnPlayerDamage.cpp(38,63): warning C4311: 'type cast': pointer truncation from 'void (__cdecl *)(void)' to 'DWORD'
C:\Users\gstep\source\git-repos\ZombiU-Mod-Loader\ZLoader\ZLoader\OnPlayerDamage.cpp(38,63): warning C4302: 'type cast': truncation from 'void (__cdecl *)(void)' to 'DWORD'
  OnPlayerTick.cpp
C:\Users\gstep\source\git-repos\ZombiU-Mod-Loader\ZLoader\ZLoader\OnPlayerTick.h(7,19): error C2485: 'naked': unrecognized extended attribute
C:\Users\gstep\source\git-repos\ZombiU-Mod-Loader\ZLoader\ZLoader\OnPlayerTick.h(10,2): error C4235: nonstandard extension used: '__asm' keyword not supported on this architecture
C:\Users\gstep\source\git-repos\ZombiU-Mod-Loader\ZLoader\ZLoader\OnPlayerTick.h(12,3): error C2065: 'movss': undeclared identifier
C:\Users\gstep\source\git-repos\ZombiU-Mod-Loader\ZLoader\ZLoader\OnPlayerTick.h(12,9): error C2146: syntax error: missing ';' before identifier 'xmm0'
C:\Users\gstep\source\git-repos\ZombiU-Mod-Loader\ZLoader\ZLoader\OnPlayerTick.h(12,9): error C2065: 'xmm0': undeclared identifier
C:\Users\gstep\source\git-repos\ZombiU-Mod-Loader\ZLoader\ZLoader\OnPlayerTick.h(12,20): error C2143: syntax error: missing ']' before '+'
C:\Users\gstep\source\git-repos\ZombiU-Mod-Loader\ZLoader\ZLoader\OnPlayerTick.h(12,20): error C3481: 'esi': lambda capture variable not found
C:\Users\gstep\source\git-repos\ZombiU-Mod-Loader\ZLoader\ZLoader\OnPlayerTick.h(12,20): error C3260: '+': skipping unexpected token(s) before lambda body
C:\Users\gstep\source\git-repos\ZombiU-Mod-Loader\ZLoader\ZLoader\OnPlayerTick.cpp(17,9): error C2065: 'PtickFunc': undeclared identifier
C:\Users\gstep\source\git-repos\ZombiU-Mod-Loader\ZLoader\ZLoader\OnPlayerTick.cpp(19,9): error C3861: 'PtickFunc': identifier not found
C:\Users\gstep\source\git-repos\ZombiU-Mod-Loader\ZLoader\ZLoader\OnPlayerTick.cpp(27,1): error C2144: syntax error: 'bool' should be preceded by ';'
C:\Users\gstep\source\git-repos\ZombiU-Mod-Loader\ZLoader\ZLoader\OnPlayerTick.cpp(28,1): error C2601: 'createPlayerTickHook': local function definitions are illegal
C:\Users\gstep\source\git-repos\ZombiU-Mod-Loader\ZLoader\ZLoader\OnPlayerTick.cpp(37,1): fatal error C1004: unexpected end-of-file found
  OnWeaponFire.cpp
C:\Users\gstep\source\git-repos\ZombiU-Mod-Loader\ZLoader\ZLoader\OnWeaponFire.h(11,19): error C2485: 'naked': unrecognized extended attribute
C:\Users\gstep\source\git-repos\ZombiU-Mod-Loader\ZLoader\ZLoader\OnWeaponFire.h(14,2): error C4235: nonstandard extension used: '__asm' keyword not supported on this architecture
C:\Users\gstep\source\git-repos\ZombiU-Mod-Loader\ZLoader\ZLoader\OnWeaponFire.h(16,3): error C2065: 'mov': undeclared identifier
C:\Users\gstep\source\git-repos\ZombiU-Mod-Loader\ZLoader\ZLoader\OnWeaponFire.h(16,7): error C2065: 'edx': undeclared identifier
C:\Users\gstep\source\git-repos\ZombiU-Mod-Loader\ZLoader\ZLoader\OnWeaponFire.h(16,26): error C2065: 'eax': undeclared identifier
C:\Users\gstep\source\git-repos\ZombiU-Mod-Loader\ZLoader\ZLoader\OnWeaponFire.h(17,3): error C2146: syntax error: missing ';' before identifier 'mov'
C:\Users\gstep\source\git-repos\ZombiU-Mod-Loader\ZLoader\ZLoader\OnWeaponFire.h(17,3): error C2065: 'mov': undeclared identifier
C:\Users\gstep\source\git-repos\ZombiU-Mod-Loader\ZLoader\ZLoader\OnWeaponFire.h(17,7): error C2146: syntax error: missing ';' before identifier 'OnWeaponFireEDX'
C:\Users\gstep\source\git-repos\ZombiU-Mod-Loader\ZLoader\ZLoader\OnWeaponFire.h(17,24): error C2065: 'edx': undeclared identifier
C:\Users\gstep\source\git-repos\ZombiU-Mod-Loader\ZLoader\ZLoader\OnWeaponFire.h(18,3): error C2146: syntax error: missing ';' before identifier 'mov'
C:\Users\gstep\source\git-repos\ZombiU-Mod-Loader\ZLoader\ZLoader\OnWeaponFire.h(18,3): error C2065: 'mov': undeclared identifier
C:\Users\gstep\source\git-repos\ZombiU-Mod-Loader\ZLoader\ZLoader\OnWeaponFire.h(18,7): error C2146: syntax error: missing ';' before identifier 'OnWeaponFireECX'
C:\Users\gstep\source\git-repos\ZombiU-Mod-Loader\ZLoader\ZLoader\OnWeaponFire.h(18,24): error C2065: 'ecx': undeclared identifier
C:\Users\gstep\source\git-repos\ZombiU-Mod-Loader\ZLoader\ZLoader\OnWeaponFire.h(19,3): error C2146: syntax error: missing ';' before identifier 'mov'
C:\Users\gstep\source\git-repos\ZombiU-Mod-Loader\ZLoader\ZLoader\OnWeaponFire.h(19,3): error C2065: 'mov': undeclared identifier
C:\Users\gstep\source\git-repos\ZombiU-Mod-Loader\ZLoader\ZLoader\OnWeaponFire.h(19,7): error C2146: syntax error: missing ';' before identifier 'OnWeaponFireWeapon'
C:\Users\gstep\source\git-repos\ZombiU-Mod-Loader\ZLoader\ZLoader\OnWeaponFire.h(19,27): error C2065: 'esi': undeclared identifier
C:\Users\gstep\source\git-repos\ZombiU-Mod-Loader\ZLoader\ZLoader\OnWeaponFire.h(20,3): error C2146: syntax error: missing ';' before identifier 'call'
C:\Users\gstep\source\git-repos\ZombiU-Mod-Loader\ZLoader\ZLoader\OnWeaponFire.h(20,3): error C2065: 'call': undeclared identifier
C:\Users\gstep\source\git-repos\ZombiU-Mod-Loader\ZLoader\ZLoader\OnWeaponFire.h(20,8): error C2146: syntax error: missing ';' before identifier 'OnWeaponFireCallbackAddress'
C:\Users\gstep\source\git-repos\ZombiU-Mod-Loader\ZLoader\ZLoader\OnWeaponFire.h(21,3): error C2146: syntax error: missing ';' before identifier 'mov'
C:\Users\gstep\source\git-repos\ZombiU-Mod-Loader\ZLoader\ZLoader\OnWeaponFire.h(21,3): error C2065: 'mov': undeclared identifier
C:\Users\gstep\source\git-repos\ZombiU-Mod-Loader\ZLoader\ZLoader\OnWeaponFire.h(21,7): error C2146: syntax error: missing ';' before identifier 'ecx'
C:\Users\gstep\source\git-repos\ZombiU-Mod-Loader\ZLoader\ZLoader\OnWeaponFire.h(21,7): error C2065: 'ecx': undeclared identifier
C:\Users\gstep\source\git-repos\ZombiU-Mod-Loader\ZLoader\ZLoader\OnWeaponFire.h(22,3): error C2146: syntax error: missing ';' before identifier 'jmp'
C:\Users\gstep\source\git-repos\ZombiU-Mod-Loader\ZLoader\ZLoader\OnWeaponFire.h(22,3): error C2065: 'jmp': undeclared identifier
C:\Users\gstep\source\git-repos\ZombiU-Mod-Loader\ZLoader\ZLoader\OnWeaponFire.h(22,7): error C2146: syntax error: missing ';' before identifier 'OnWeaponFireJMPBack'
C:\Users\gstep\source\git-repos\ZombiU-Mod-Loader\ZLoader\ZLoader\OnWeaponFire.h(23,2): error C2143: syntax error: missing ';' before '}'
C:\Users\gstep\source\git-repos\ZombiU-Mod-Loader\ZLoader\ZLoader\OnWeaponFire.cpp(18,50): warning C4312: 'type cast': conversion from 'DWORD' to 'char *' of greater size
C:\Users\gstep\source\git-repos\ZombiU-Mod-Loader\ZLoader\ZLoader\OnWeaponFire.cpp(20,57): warning C4312: 'type cast': conversion from 'DWORD' to 'char *' of greater size
C:\Users\gstep\source\git-repos\ZombiU-Mod-Loader\ZLoader\ZLoader\OnWeaponFire.cpp(30,40): warning C4312: 'type cast': conversion from 'DWORD' to 'BYTE *' of greater size
C:\Users\gstep\source\git-repos\ZombiU-Mod-Loader\ZLoader\ZLoader\OnWeaponFire.cpp(30,77): warning C4311: 'type cast': pointer truncation from 'void (__cdecl *)(void)' to 'DWORD'
C:\Users\gstep\source\git-repos\ZombiU-Mod-Loader\ZLoader\ZLoader\OnWeaponFire.cpp(30,77): warning C4302: 'type cast': truncation from 'void (__cdecl *)(void)' to 'DWORD'
C:\Users\gstep\source\git-repos\ZombiU-Mod-Loader\ZLoader\ZLoader\OnWeaponFire.cpp(32,63): warning C4311: 'type cast': pointer truncation from 'void (__cdecl *)(void)' to 'DWORD'
C:\Users\gstep\source\git-repos\ZombiU-Mod-Loader\ZLoader\ZLoader\OnWeaponFire.cpp(32,63): warning C4302: 'type cast': truncation from 'void (__cdecl *)(void)' to 'DWORD'
  OnZombieDamage.cpp
C:\Users\gstep\source\git-repos\ZombiU-Mod-Loader\ZLoader\ZLoader\OnZombieDamage.h(8,19): error C2485: 'naked': unrecognized extended attribute
C:\Users\gstep\source\git-repos\ZombiU-Mod-Loader\ZLoader\ZLoader\OnZombieDamage.h(11,2): error C4235: nonstandard extension used: '__asm' keyword not supported on this architecture
C:\Users\gstep\source\git-repos\ZombiU-Mod-Loader\ZLoader\ZLoader\OnZombieDamage.h(13,3): error C2065: 'cmp': undeclared identifier
C:\Users\gstep\source\git-repos\ZombiU-Mod-Loader\ZLoader\ZLoader\OnZombieDamage.h(13,7): error C2065: 'edi': undeclared identifier
C:\Users\gstep\source\git-repos\ZombiU-Mod-Loader\ZLoader\ZLoader\OnZombieDamage.h(14,3): error C2146: syntax error: missing ';' before identifier 'je'
C:\Users\gstep\source\git-repos\ZombiU-Mod-Loader\ZLoader\ZLoader\OnZombieDamage.h(14,3): error C2065: 'je': undeclared identifier
C:\Users\gstep\source\git-repos\ZombiU-Mod-Loader\ZLoader\ZLoader\OnZombieDamage.h(14,6): error C2146: syntax error: missing ';' before identifier 'endoffunction'
C:\Users\gstep\source\git-repos\ZombiU-Mod-Loader\ZLoader\ZLoader\OnZombieDamage.h(14,6): error C2065: 'endoffunction': undeclared identifier
C:\Users\gstep\source\git-repos\ZombiU-Mod-Loader\ZLoader\ZLoader\OnZombieDamage.h(15,3): error C2146: syntax error: missing ';' before identifier 'mov'
C:\Users\gstep\source\git-repos\ZombiU-Mod-Loader\ZLoader\ZLoader\OnZombieDamage.h(15,3): error C2065: 'mov': undeclared identifier
C:\Users\gstep\source\git-repos\ZombiU-Mod-Loader\ZLoader\ZLoader\OnZombieDamage.h(15,7): error C2146: syntax error: missing ';' before identifier 'dword'
C:\Users\gstep\source\git-repos\ZombiU-Mod-Loader\ZLoader\ZLoader\OnZombieDamage.h(15,7): error C2065: 'dword': undeclared identifier
C:\Users\gstep\source\git-repos\ZombiU-Mod-Loader\ZLoader\ZLoader\OnZombieDamage.h(15,13): error C2146: syntax error: missing ';' before identifier 'ptr'
C:\Users\gstep\source\git-repos\ZombiU-Mod-Loader\ZLoader\ZLoader\OnZombieDamage.h(15,13): error C2065: 'ptr': undeclared identifier
C:\Users\gstep\source\git-repos\ZombiU-Mod-Loader\ZLoader\ZLoader\OnZombieDamage.h(15,17): error C2146: syntax error: missing ';' before identifier 'zombieDamageCallbackZombie'
C:\Users\gstep\source\git-repos\ZombiU-Mod-Loader\ZLoader\ZLoader\OnZombieDamage.h(15,45): error C2065: 'edi': undeclared identifier
C:\Users\gstep\source\git-repos\ZombiU-Mod-Loader\ZLoader\ZLoader\OnZombieDamage.h(16,3): error C2146: syntax error: missing ';' before identifier 'mov'
C:\Users\gstep\source\git-repos\ZombiU-Mod-Loader\ZLoader\ZLoader\OnZombieDamage.h(16,3): error C2065: 'mov': undeclared identifier
C:\Users\gstep\source\git-repos\ZombiU-Mod-Loader\ZLoader\ZLoader\OnZombieDamage.h(16,7): error C2146: syntax error: missing ';' before identifier 'dword'
C:\Users\gstep\source\git-repos\ZombiU-Mod-Loader\ZLoader\ZLoader\OnZombieDamage.h(16,7): error C2065: 'dword': undeclared identifier
C:\Users\gstep\source\git-repos\ZombiU-Mod-Loader\ZLoader\ZLoader\OnZombieDamage.h(16,13): error C2146: syntax error: missing ';' before identifier 'ptr'
C:\Users\gstep\source\git-repos\ZombiU-Mod-Loader\ZLoader\ZLoader\OnZombieDamage.h(16,13): error C2065: 'ptr': undeclared identifier
C:\Users\gstep\source\git-repos\ZombiU-Mod-Loader\ZLoader\ZLoader\OnZombieDamage.h(16,17): error C2146: syntax error: missing ';' before identifier 'zombieDamageCallbackECX'
C:\Users\gstep\source\git-repos\ZombiU-Mod-Loader\ZLoader\ZLoader\OnZombieDamage.h(16,42): error C2065: 'ecx': undeclared identifier
C:\Users\gstep\source\git-repos\ZombiU-Mod-Loader\ZLoader\ZLoader\OnZombieDamage.h(17,3): error C2146: syntax error: missing ';' before identifier 'mov'
C:\Users\gstep\source\git-repos\ZombiU-Mod-Loader\ZLoader\ZLoader\OnZombieDamage.h(17,3): error C2065: 'mov': undeclared identifier
C:\Users\gstep\source\git-repos\ZombiU-Mod-Loader\ZLoader\ZLoader\OnZombieDamage.h(17,7): error C2146: syntax error: missing ';' before identifier 'dword'
C:\Users\gstep\source\git-repos\ZombiU-Mod-Loader\ZLoader\ZLoader\OnZombieDamage.h(17,7): error C2065: 'dword': undeclared identifier
C:\Users\gstep\source\git-repos\ZombiU-Mod-Loader\ZLoader\ZLoader\OnZombieDamage.h(17,13): error C2146: syntax error: missing ';' before identifier 'ptr'
C:\Users\gstep\source\git-repos\ZombiU-Mod-Loader\ZLoader\ZLoader\OnZombieDamage.h(17,13): error C2065: 'ptr': undeclared identifier
C:\Users\gstep\source\git-repos\ZombiU-Mod-Loader\ZLoader\ZLoader\OnZombieDamage.h(17,17): error C2146: syntax error: missing ';' before identifier 'zombieDamageCallbackEBP'
C:\Users\gstep\source\git-repos\ZombiU-Mod-Loader\ZLoader\ZLoader\OnZombieDamage.h(17,42): error C2065: 'ebp': undeclared identifier
C:\Users\gstep\source\git-repos\ZombiU-Mod-Loader\ZLoader\ZLoader\OnZombieDamage.h(18,3): error C2146: syntax error: missing ';' before identifier 'call'
C:\Users\gstep\source\git-repos\ZombiU-Mod-Loader\ZLoader\ZLoader\OnZombieDamage.h(18,3): error C2065: 'call': undeclared identifier
C:\Users\gstep\source\git-repos\ZombiU-Mod-Loader\ZLoader\ZLoader\OnZombieDamage.h(18,8): error C2146: syntax error: missing ';' before identifier 'zombieDamageCallbackAddress'
C:\Users\gstep\source\git-repos\ZombiU-Mod-Loader\ZLoader\ZLoader\OnZombieDamage.h(19,3): error C2146: syntax error: missing ';' before identifier 'endoffunction'
C:\Users\gstep\source\git-repos\ZombiU-Mod-Loader\ZLoader\ZLoader\OnZombieDamage.h(20,3): error C2065: 'movss': undeclared identifier
C:\Users\gstep\source\git-repos\ZombiU-Mod-Loader\ZLoader\ZLoader\OnZombieDamage.h(20,9): error C2146: syntax error: missing ';' before identifier 'xmm2'
C:\Users\gstep\source\git-repos\ZombiU-Mod-Loader\ZLoader\ZLoader\OnZombieDamage.h(20,9): error C2065: 'xmm2': undeclared identifier
C:\Users\gstep\source\git-repos\ZombiU-Mod-Loader\ZLoader\ZLoader\OnZombieDamage.h(20,20): error C2143: syntax error: missing ']' before '+'
C:\Users\gstep\source\git-repos\ZombiU-Mod-Loader\ZLoader\ZLoader\OnZombieDamage.h(20,20): error C3481: 'ecx': lambda capture variable not found
C:\Users\gstep\source\git-repos\ZombiU-Mod-Loader\ZLoader\ZLoader\OnZombieDamage.h(20,20): error C3260: '+': skipping unexpected token(s) before lambda body
C:\Users\gstep\source\git-repos\ZombiU-Mod-Loader\ZLoader\ZLoader\OnZombieDamage.cpp(21,1): warning C4312: 'type cast': conversion from 'DWORD' to 'char *' of greater size
C:\Users\gstep\source\git-repos\ZombiU-Mod-Loader\ZLoader\ZLoader\OnZombieDamage.cpp(22,13): error C2065: 'ZDamagefunc': undeclared identifier
C:\Users\gstep\source\git-repos\ZombiU-Mod-Loader\ZLoader\ZLoader\OnZombieDamage.cpp(24,13): error C3861: 'ZDamagefunc': identifier not found
C:\Users\gstep\source\git-repos\ZombiU-Mod-Loader\ZLoader\ZLoader\OnZombieDamage.cpp(33,1): error C2144: syntax error: 'bool' should be preceded by ';'
C:\Users\gstep\source\git-repos\ZombiU-Mod-Loader\ZLoader\ZLoader\OnZombieDamage.cpp(34,1): error C2601: 'createZombieDamageHook': local function definitions are illegal
C:\Users\gstep\source\git-repos\ZombiU-Mod-Loader\ZLoader\ZLoader\OnZombieDamage.cpp(41,1): fatal error C1004: unexpected end-of-file found
  pch.cpp
  ModLoader.cpp
C:\Users\gstep\source\git-repos\ZombiU-Mod-Loader\ZLoader\ZLoader\ModLoader.cpp(8,47): error C2664: 'HMODULE LoadLibraryW(LPCWSTR)': cannot convert argument 1 from 'const char [21]' to 'LPCWSTR'
C:\Users\gstep\source\git-repos\ZombiU-Mod-Loader\ZLoader\ZLoader\ModLoader.cpp(8,23): message : Types pointed to are unrelated; conversion requires reinterpret_cast, C-style cast or function-style cast
C:\Program Files (x86)\Windows Kits\10\Include\10.0.22000.0\um\libloaderapi.h(601,1): message : see declaration of 'LoadLibraryW'
  utility.cpp
C:\Users\gstep\source\git-repos\ZombiU-Mod-Loader\ZLoader\ZLoader\utility.cpp(21,48): warning C4311: 'type cast': pointer truncation from 'BYTE *' to 'DWORD'
C:\Users\gstep\source\git-repos\ZombiU-Mod-Loader\ZLoader\ZLoader\utility.cpp(21,48): warning C4302: 'type cast': truncation from 'BYTE *' to 'DWORD'
  ZombiStructs.cpp
C:\Users\gstep\source\git-repos\ZombiU-Mod-Loader\ZLoader\ZLoader\ZombiStructs.cpp(8,41): warning C4312: 'type cast': conversion from 'DWORD' to 'char *' of greater size
C:\Users\gstep\source\git-repos\ZombiU-Mod-Loader\ZLoader\ZLoader\ZombiStructs.cpp(9,42): warning C4312: 'type cast': conversion from 'DWORD' to 'char *' of greater size
C:\Users\gstep\source\git-repos\ZombiU-Mod-Loader\ZLoader\ZLoader\ZombiStructs.cpp(10,40): warning C4312: 'type cast': conversion from 'DWORD' to 'char *' of greater size
C:\Users\gstep\source\git-repos\ZombiU-Mod-Loader\ZLoader\ZLoader\ZombiStructs.cpp(11,46): warning C4312: 'type cast': conversion from 'DWORD' to 'char *' of greater size
C:\Users\gstep\source\git-repos\ZombiU-Mod-Loader\ZLoader\ZLoader\ZombiStructs.cpp(22,37): warning C4312: 'type cast': conversion from 'DWORD' to 'char *' of greater size
C:\Users\gstep\source\git-repos\ZombiU-Mod-Loader\ZLoader\ZLoader\ZombiStructs.cpp(23,37): warning C4312: 'type cast': conversion from 'DWORD' to 'char *' of greater size
C:\Users\gstep\source\git-repos\ZombiU-Mod-Loader\ZLoader\ZLoader\ZombiStructs.cpp(24,43): warning C4312: 'type cast': conversion from 'DWORD' to 'char *' of greater size
C:\Users\gstep\source\git-repos\ZombiU-Mod-Loader\ZLoader\ZLoader\ZombiStructs.cpp(24,51): warning C4311: 'type cast': pointer truncation from 'char *' to 'DWORD'
C:\Users\gstep\source\git-repos\ZombiU-Mod-Loader\ZLoader\ZLoader\ZombiStructs.cpp(24,51): warning C4302: 'type cast': truncation from 'char *' to 'DWORD'
C:\Users\gstep\source\git-repos\ZombiU-Mod-Loader\ZLoader\ZLoader\ZombiStructs.cpp(35,42): warning C4312: 'type cast': conversion from 'DWORD' to 'char *' of greater size
C:\Users\gstep\source\git-repos\ZombiU-Mod-Loader\ZLoader\ZLoader\ZombiStructs.cpp(38,5): warning C4312: 'type cast': conversion from 'DWORD' to 'char *' of greater size
C:\Users\gstep\source\git-repos\ZombiU-Mod-Loader\ZLoader\ZLoader\ZombiStructs.cpp(42,10): warning C4312: 'type cast': conversion from 'DWORD' to 'char *' of greater size
C:\Users\gstep\source\git-repos\ZombiU-Mod-Loader\ZLoader\ZLoader\ZombiStructs.cpp(46,10): warning C4312: 'type cast': conversion from 'DWORD' to 'char *' of greater size
C:\Users\gstep\source\git-repos\ZombiU-Mod-Loader\ZLoader\ZLoader\ZombiStructs.cpp(50,10): warning C4312: 'type cast': conversion from 'DWORD' to 'char *' of greater size
C:\Users\gstep\source\git-repos\ZombiU-Mod-Loader\ZLoader\ZLoader\ZombiStructs.cpp(54,10): warning C4312: 'type cast': conversion from 'DWORD' to 'char *' of greater size
